Seed progress:   0%|          | 0/1 [00:00<?, ?it/s]Seed progress: 100%|██████████| 1/1 [04:33<00:00, 273.87s/it]Seed progress: 100%|██████████| 1/1 [04:33<00:00, 273.87s/it]
Elapsed time during the whole program in seconds: 242.88449775799998
Seed progress:   0%|          | 0/1 [00:00<?, ?it/s]Seed progress: 100%|██████████| 1/1 [04:13<00:00, 253.12s/it]Seed progress: 100%|██████████| 1/1 [04:13<00:00, 253.12s/it]
Elapsed time during the whole program in seconds: 250.48513771000003
Seed progress:   0%|          | 0/1 [00:00<?, ?it/s]Seed progress: 100%|██████████| 1/1 [03:33<00:00, 213.91s/it]Seed progress: 100%|██████████| 1/1 [03:33<00:00, 213.91s/it]
Elapsed time during the whole program in seconds: 211.25448918899997
Seed progress:   0%|          | 0/1 [00:00<?, ?it/s]Seed progress: 100%|██████████| 1/1 [04:02<00:00, 242.08s/it]Seed progress: 100%|██████████| 1/1 [04:02<00:00, 242.08s/it]
Elapsed time during the whole program in seconds: 239.54161064900006
Seed progress:   0%|          | 0/1 [00:00<?, ?it/s]Seed progress: 100%|██████████| 1/1 [09:21<00:00, 561.32s/it]Seed progress: 100%|██████████| 1/1 [09:21<00:00, 561.32s/it]
Elapsed time during the whole program in seconds: 557.6418815870001
Seed progress:   0%|          | 0/1 [00:00<?, ?it/s]Seed progress: 100%|██████████| 1/1 [03:11<00:00, 191.54s/it]Seed progress: 100%|██████████| 1/1 [03:11<00:00, 191.54s/it]
/scratch/shsh0910/60d_recent_data_cc/50_stocks/mc_50/7/run_seed1_opt05.py:123: FutureWarning: In future versions `DataFrame.to_latex` is expected to utilise the base implementation of `Styler.to_latex` for formatting and rendering. The arguments signature may therefore change. It is recommended instead to use `DataFrame.style.to_latex` which also contains additional functionality.
  ].loc[['equal_weight', 'mean_cvar', 'dr_mean_cvar','cond_mean_cvar','dr_winf_cond_mean_cvar','dr_w2_cond_mean_cvar']].round(4).to_latex())
Elapsed time during the whole program in seconds: 189.4509892709998
\begin{tabular}{lrrrrrrr}
\toprule
{} &  pnl\_series &  obj\_series &  cvar\_series &  std\_series &  sharp\_series  \\
\midrule
equal\_weight           &      0.0374 &     0.3435 &       0.6051 &      1.1624 &        0.7346  \\
mean\_cvar              &      0.0122 &     0.5176 &       0.6027 &      1.0552 &        0.3945  \\
dr\_mean\_cvar           &      0.0176 &     0.4045 &       0.5277 &      0.9962 &        0.5421  \\
cond\_mean\_cvar         &      0.0316 &     0.4680 &       0.6896 &      1.2079 &        0.5539  \\
dr\_winf\_cond\_mean\_cvar &      0.0296 &     0.3432 &       0.5505 &      1.0449 &        0.7273  \\
dr\_w2\_cond\_mean\_cvar   &      0.0272 &     0.3468 &       0.5371 &      1.0084 &        0.6773  \\
\bottomrule
\end{tabular}

0.054183100360468285
1.0513812346566044e-06
0.09047943729593134
0.1633148759598116
0.266259376343317
0.954949186400048
0.9999993291865678
0.9232178528606432
0.8577201430489176
0.7621842716554942
