Seed progress:   0%|          | 0/1 [00:00<?, ?it/s]Seed progress: 100%|██████████| 1/1 [04:29<00:00, 269.18s/it]Seed progress: 100%|██████████| 1/1 [04:29<00:00, 269.18s/it]
Elapsed time during the whole program in seconds: 235.569652945
Seed progress:   0%|          | 0/1 [00:00<?, ?it/s]Seed progress: 100%|██████████| 1/1 [04:06<00:00, 246.94s/it]Seed progress: 100%|██████████| 1/1 [04:06<00:00, 246.94s/it]
Elapsed time during the whole program in seconds: 243.854032746
Seed progress:   0%|          | 0/1 [00:00<?, ?it/s]Seed progress: 100%|██████████| 1/1 [03:28<00:00, 208.00s/it]Seed progress: 100%|██████████| 1/1 [03:28<00:00, 208.00s/it]
Elapsed time during the whole program in seconds: 205.10728794399995
Seed progress:   0%|          | 0/1 [00:00<?, ?it/s]Seed progress: 100%|██████████| 1/1 [03:57<00:00, 237.09s/it]Seed progress: 100%|██████████| 1/1 [03:57<00:00, 237.09s/it]
Elapsed time during the whole program in seconds: 234.02704608600004
Seed progress:   0%|          | 0/1 [00:00<?, ?it/s]Seed progress: 100%|██████████| 1/1 [08:57<00:00, 537.98s/it]Seed progress: 100%|██████████| 1/1 [08:57<00:00, 537.98s/it]
Elapsed time during the whole program in seconds: 534.652235919
Seed progress:   0%|          | 0/1 [00:00<?, ?it/s]Seed progress: 100%|██████████| 1/1 [03:05<00:00, 185.37s/it]Seed progress: 100%|██████████| 1/1 [03:05<00:00, 185.38s/it]
/scratch/shsh0910/60d_recent_data_cc/50_stocks/mc_50/3/run_seed1_opt05.py:123: FutureWarning: In future versions `DataFrame.to_latex` is expected to utilise the base implementation of `Styler.to_latex` for formatting and rendering. The arguments signature may therefore change. It is recommended instead to use `DataFrame.style.to_latex` which also contains additional functionality.
  ].loc[['equal_weight', 'mean_cvar', 'dr_mean_cvar','cond_mean_cvar','dr_winf_cond_mean_cvar','dr_w2_cond_mean_cvar']].round(4).to_latex())
Elapsed time during the whole program in seconds: 183.43622036200009
\begin{tabular}{lrrrrrrr}
\toprule
{} &  pnl\_series &  obj\_series &  cvar\_series &  std\_series &  sharp\_series \\
\midrule
equal\_weight           &      0.0374 &     0.4929 &       0.6051 &      1.1624 &        0.7346  \\
mean\_cvar              &      0.0179 &     0.5255 &       0.5792 &      0.9829 &        0.4475  \\
dr\_mean\_cvar           &      0.0209 &     0.4686 &       0.5314 &      0.9501 &        0.5583  \\
cond\_mean\_cvar         &      0.0271 &     0.5096 &       0.5908 &      1.0594 &        0.5575 \\
dr\_winf\_cond\_mean\_cvar &      0.0279 &     0.4512 &       0.5350 &      1.0192 &        0.7149  \\
dr\_w2\_cond\_mean\_cvar   &      0.0278 &     0.4344 &       0.5178 &      0.9917 &        0.6793  \\
\bottomrule
\end{tabular}

2.8723341990177272e-05
0.03719906889441549
0.1633148759598116
0.09047943729593134
0.054183100360468285
0.999980469556274
0.9694980074720712
0.8577201430489176
0.9232178528606432
0.954949186400048
