Seed progress:   0%|          | 0/1 [00:00<?, ?it/s]Seed progress: 100%|██████████| 1/1 [04:36<00:00, 276.94s/it]Seed progress: 100%|██████████| 1/1 [04:36<00:00, 276.94s/it]
Elapsed time during the whole program in seconds: 241.02202131099997
Seed progress:   0%|          | 0/1 [00:00<?, ?it/s]Seed progress: 100%|██████████| 1/1 [04:15<00:00, 255.64s/it]Seed progress: 100%|██████████| 1/1 [04:15<00:00, 255.64s/it]
Elapsed time during the whole program in seconds: 249.381414967
Seed progress:   0%|          | 0/1 [00:00<?, ?it/s]Seed progress: 100%|██████████| 1/1 [03:32<00:00, 212.50s/it]Seed progress: 100%|██████████| 1/1 [03:32<00:00, 212.50s/it]
Elapsed time during the whole program in seconds: 210.17193800600006
Seed progress:   0%|          | 0/1 [00:00<?, ?it/s]Seed progress: 100%|██████████| 1/1 [04:01<00:00, 241.13s/it]Seed progress: 100%|██████████| 1/1 [04:01<00:00, 241.13s/it]
Elapsed time during the whole program in seconds: 238.536605173
Seed progress:   0%|          | 0/1 [00:00<?, ?it/s]Seed progress: 100%|██████████| 1/1 [09:28<00:00, 568.26s/it]Seed progress: 100%|██████████| 1/1 [09:28<00:00, 568.26s/it]
Elapsed time during the whole program in seconds: 564.3879057869999
Seed progress:   0%|          | 0/1 [00:00<?, ?it/s]Seed progress: 100%|██████████| 1/1 [03:10<00:00, 190.39s/it]Seed progress: 100%|██████████| 1/1 [03:10<00:00, 190.39s/it]
/scratch/shsh0910/60d_recent_data_cc/50_stocks/mc_50/9/run_seed1_opt05.py:123: FutureWarning: In future versions `DataFrame.to_latex` is expected to utilise the base implementation of `Styler.to_latex` for formatting and rendering. The arguments signature may therefore change. It is recommended instead to use `DataFrame.style.to_latex` which also contains additional functionality.
  ].loc[['equal_weight', 'mean_cvar', 'dr_mean_cvar','cond_mean_cvar','dr_winf_cond_mean_cvar','dr_w2_cond_mean_cvar']].round(4).to_latex())
Elapsed time during the whole program in seconds: 188.4551328350001
\begin{tabular}{lrrrrrrr}
\toprule
{} &  pnl\_series &  obj\_series &  cvar\_series &  std\_series &  sharp\_series  \\
\midrule
equal\_weight           &      0.0374 &     0.2687 &       0.6051 &      1.1624 &        0.7346  \\
mean\_cvar              &      0.0096 &     0.5522 &       0.6387 &      1.1162 &        0.3780 \\
dr\_mean\_cvar           &      0.0168 &     0.3756 &       0.5272 &      1.0278 &        0.5449 \\
cond\_mean\_cvar         &      0.0346 &     0.4197 &       0.7314 &      1.2790 &        0.5719  \\
dr\_winf\_cond\_mean\_cvar &      0.0299 &     0.2834 &       0.5526 &      1.0516 &        0.7262  \\
dr\_w2\_cond\_mean\_cvar   &      0.0273 &     0.2873 &       0.5331 &      1.0122 &        0.6752  \\
\bottomrule
\end{tabular}

0.2111224586840847
3.857752660736254e-06
0.007983653309379318
0.18627010417265663
0.12315711239769274
0.8137298958273433
0.9999974787473433
0.9937743854952855
0.8366851240401885
0.8940894383504587
